2018-07-02 16:08:26.451  INFO 44844 --- [main] c.d.m.l.IbmMqListenerApplicationTest     : Starting IbmMqListenerApplicationTest on PUN-IT000675.local with PID 44844 (started by ashishmishra in /Users/ashishmishra/workspace/poc_workspce/Ibm-mq-listener)
2018-07-02 16:08:26.452  INFO 44844 --- [main] c.d.m.l.IbmMqListenerApplicationTest     : No active profile set, falling back to default profiles: default
2018-07-02 16:08:26.473  INFO 44844 --- [main] s.c.a.AnnotationConfigApplicationContext : Refreshing org.springframework.context.annotation.AnnotationConfigApplicationContext@d9345cd: startup date [Mon Jul 02 16:08:26 IST 2018]; root of context hierarchy
2018-07-02 16:08:27.954  INFO 44844 --- [main] o.s.c.support.DefaultLifecycleProcessor  : Starting beans in phase 2147483647
2018-07-02 16:08:27.971  INFO 44844 --- [main] c.d.m.l.IbmMqListenerApplicationTest     : Started IbmMqListenerApplicationTest in 1.942 seconds (JVM running for 3.285)
2018-07-02 16:08:30.179  INFO 44844 --- [Thread-2] s.c.a.AnnotationConfigApplicationContext : Closing org.springframework.context.annotation.AnnotationConfigApplicationContext@d9345cd: startup date [Mon Jul 02 16:08:26 IST 2018]; root of context hierarchy
2018-07-02 16:08:30.181  INFO 44844 --- [Thread-2] o.s.c.support.DefaultLifecycleProcessor  : Stopping beans in phase 2147483647
2018-07-02 16:08:46.087  INFO 44853 --- [main] c.d.m.l.IbmMqListenerApplicationTest     : Starting IbmMqListenerApplicationTest on PUN-IT000675.local with PID 44853 (started by ashishmishra in /Users/ashishmishra/workspace/poc_workspce/Ibm-mq-listener)
2018-07-02 16:08:46.090  INFO 44853 --- [main] c.d.m.l.IbmMqListenerApplicationTest     : No active profile set, falling back to default profiles: default
2018-07-02 16:08:46.114  INFO 44853 --- [main] s.c.a.AnnotationConfigApplicationContext : Refreshing org.springframework.context.annotation.AnnotationConfigApplicationContext@d9345cd: startup date [Mon Jul 02 16:08:46 IST 2018]; root of context hierarchy
2018-07-02 16:08:47.553  INFO 44853 --- [main] o.s.c.support.DefaultLifecycleProcessor  : Starting beans in phase 2147483647
2018-07-02 16:08:47.570  INFO 44853 --- [main] c.d.m.l.IbmMqListenerApplicationTest     : Started IbmMqListenerApplicationTest in 1.816 seconds (JVM running for 2.782)
2018-07-02 16:08:47.749  INFO 44853 --- [DispatchThread: [com.ibm.mq.jmqi.remote.impl.RemoteSession[:/6e83ec0b][connectionId=414D5143514D312020202020202020206AC8395B02558921]]] com.delta.mq.listener.MqListener         : Received Message is hello world
2018-07-02 16:08:47.760  INFO 44853 --- [Thread-2] s.c.a.AnnotationConfigApplicationContext : Closing org.springframework.context.annotation.AnnotationConfigApplicationContext@d9345cd: startup date [Mon Jul 02 16:08:46 IST 2018]; root of context hierarchy
2018-07-02 16:08:47.763  INFO 44853 --- [Thread-2] o.s.c.support.DefaultLifecycleProcessor  : Stopping beans in phase 2147483647
2018-07-02 16:10:46.494  INFO 45011 --- [main] com.delta.mq.Application                 : Starting Application on PUN-IT000675.local with PID 45011 (/Users/ashishmishra/workspace/poc_workspce/Ibm-mq-listener/target/classes started by ashishmishra in /Users/ashishmishra/workspace/poc_workspce/Ibm-mq-listener)
2018-07-02 16:10:46.498  INFO 45011 --- [main] com.delta.mq.Application                 : No active profile set, falling back to default profiles: default
2018-07-02 16:10:46.535  INFO 45011 --- [main] s.c.a.AnnotationConfigApplicationContext : Refreshing org.springframework.context.annotation.AnnotationConfigApplicationContext@78dd667e: startup date [Mon Jul 02 16:10:46 IST 2018]; root of context hierarchy
2018-07-02 16:10:47.663  WARN 45011 --- [main] s.c.a.AnnotationConfigApplicationContext : Exception encountered during context initialization - cancelling refresh attempt: org.springframework.beans.factory.UnsatisfiedDependencyException: Error creating bean with name 'containerChecker': Unsatisfied dependency expressed through field 'queueContainer'; nested exception is org.springframework.beans.factory.BeanCreationException: Error creating bean with name 'queueContainer' defined in class path resource [com/delta/mq/config/Config.class]: Bean instantiation via factory method failed; nested exception is org.springframework.beans.BeanInstantiationException: Failed to instantiate [org.springframework.jms.listener.SimpleMessageListenerContainer]: Factory method 'queueContainer' threw exception; nested exception is org.springframework.jms.IllegalStateException: JMSWMQ0018: Failed to connect to queue manager 'EMQ03DVL' with connection mode 'Client' and host name 'emqd3.delta.com(1414)'.; nested exception is com.ibm.msg.client.jms.DetailedIllegalStateException: JMSWMQ0018: Failed to connect to queue manager 'EMQ03DVL' with connection mode 'Client' and host name 'emqd3.delta.com(1414)'.
Check the queue manager is started and if running in client mode, check there is a listener running. Please see the linked exception for more information.; nested exception is com.ibm.mq.MQException: JMSCMQ0001: IBM MQ call failed with compcode '2' ('MQCC_FAILED') reason '2538' ('MQRC_HOST_NOT_AVAILABLE').
2018-07-02 16:10:47.674  INFO 45011 --- [main] ConditionEvaluationReportLoggingListener : 

Error starting ApplicationContext. To display the conditions report re-run your application with 'debug' enabled.
2018-07-02 16:10:47.685 ERROR 45011 --- [main] o.s.boot.SpringApplication               : Application run failed

org.springframework.beans.factory.UnsatisfiedDependencyException: Error creating bean with name 'containerChecker': Unsatisfied dependency expressed through field 'queueContainer'; nested exception is org.springframework.beans.factory.BeanCreationException: Error creating bean with name 'queueContainer' defined in class path resource [com/delta/mq/config/Config.class]: Bean instantiation via factory method failed; nested exception is org.springframework.beans.BeanInstantiationException: Failed to instantiate [org.springframework.jms.listener.SimpleMessageListenerContainer]: Factory method 'queueContainer' threw exception; nested exception is org.springframework.jms.IllegalStateException: JMSWMQ0018: Failed to connect to queue manager 'EMQ03DVL' with connection mode 'Client' and host name 'emqd3.delta.com(1414)'.; nested exception is com.ibm.msg.client.jms.DetailedIllegalStateException: JMSWMQ0018: Failed to connect to queue manager 'EMQ03DVL' with connection mode 'Client' and host name 'emqd3.delta.com(1414)'.
Check the queue manager is started and if running in client mode, check there is a listener running. Please see the linked exception for more information.; nested exception is com.ibm.mq.MQException: JMSCMQ0001: IBM MQ call failed with compcode '2' ('MQCC_FAILED') reason '2538' ('MQRC_HOST_NOT_AVAILABLE').
	at org.springframework.beans.factory.annotation.AutowiredAnnotationBeanPostProcessor$AutowiredFieldElement.inject(AutowiredAnnotationBeanPostProcessor.java:587) ~[spring-beans-5.0.7.RELEASE.jar:5.0.7.RELEASE]
	at org.springframework.beans.factory.annotation.InjectionMetadata.inject(InjectionMetadata.java:91) ~[spring-beans-5.0.7.RELEASE.jar:5.0.7.RELEASE]
	at org.springframework.beans.factory.annotation.AutowiredAnnotationBeanPostProcessor.postProcessPropertyValues(AutowiredAnnotationBeanPostProcessor.java:373) ~[spring-beans-5.0.7.RELEASE.jar:5.0.7.RELEASE]
	at org.springframework.beans.factory.support.AbstractAutowireCapableBeanFactory.populateBean(AbstractAutowireCapableBeanFactory.java:1350) ~[spring-beans-5.0.7.RELEASE.jar:5.0.7.RELEASE]
	at org.springframework.beans.factory.support.AbstractAutowireCapableBeanFactory.doCreateBean(AbstractAutowireCapableBeanFactory.java:580) ~[spring-beans-5.0.7.RELEASE.jar:5.0.7.RELEASE]
	at org.springframework.beans.factory.support.AbstractAutowireCapableBeanFactory.createBean(AbstractAutowireCapableBeanFactory.java:503) ~[spring-beans-5.0.7.RELEASE.jar:5.0.7.RELEASE]
	at org.springframework.beans.factory.support.AbstractBeanFactory.lambda$doGetBean$0(AbstractBeanFactory.java:317) ~[spring-beans-5.0.7.RELEASE.jar:5.0.7.RELEASE]
	at org.springframework.beans.factory.support.DefaultSingletonBeanRegistry.getSingleton(DefaultSingletonBeanRegistry.java:222) ~[spring-beans-5.0.7.RELEASE.jar:5.0.7.RELEASE]
	at org.springframework.beans.factory.support.AbstractBeanFactory.doGetBean(AbstractBeanFactory.java:315) ~[spring-beans-5.0.7.RELEASE.jar:5.0.7.RELEASE]
	at org.springframework.beans.factory.support.AbstractBeanFactory.getBean(AbstractBeanFactory.java:199) ~[spring-beans-5.0.7.RELEASE.jar:5.0.7.RELEASE]
	at org.springframework.beans.factory.support.DefaultListableBeanFactory.preInstantiateSingletons(DefaultListableBeanFactory.java:760) ~[spring-beans-5.0.7.RELEASE.jar:5.0.7.RELEASE]
	at org.springframework.context.support.AbstractApplicationContext.finishBeanFactoryInitialization(AbstractApplicationContext.java:869) ~[spring-context-5.0.7.RELEASE.jar:5.0.7.RELEASE]
	at org.springframework.context.support.AbstractApplicationContext.refresh(AbstractApplicationContext.java:550) ~[spring-context-5.0.7.RELEASE.jar:5.0.7.RELEASE]
	at org.springframework.boot.SpringApplication.refresh(SpringApplication.java:759) [spring-boot-2.0.3.RELEASE.jar:2.0.3.RELEASE]
	at org.springframework.boot.SpringApplication.refreshContext(SpringApplication.java:395) [spring-boot-2.0.3.RELEASE.jar:2.0.3.RELEASE]
	at org.springframework.boot.SpringApplication.run(SpringApplication.java:327) [spring-boot-2.0.3.RELEASE.jar:2.0.3.RELEASE]
	at org.springframework.boot.SpringApplication.run(SpringApplication.java:1255) [spring-boot-2.0.3.RELEASE.jar:2.0.3.RELEASE]
	at org.springframework.boot.SpringApplication.run(SpringApplication.java:1243) [spring-boot-2.0.3.RELEASE.jar:2.0.3.RELEASE]
	at com.delta.mq.Application.main(Application.java:13) [classes/:na]
Caused by: org.springframework.beans.factory.BeanCreationException: Error creating bean with name 'queueContainer' defined in class path resource [com/delta/mq/config/Config.class]: Bean instantiation via factory method failed; nested exception is org.springframework.beans.BeanInstantiationException: Failed to instantiate [org.springframework.jms.listener.SimpleMessageListenerContainer]: Factory method 'queueContainer' threw exception; nested exception is org.springframework.jms.IllegalStateException: JMSWMQ0018: Failed to connect to queue manager 'EMQ03DVL' with connection mode 'Client' and host name 'emqd3.delta.com(1414)'.; nested exception is com.ibm.msg.client.jms.DetailedIllegalStateException: JMSWMQ0018: Failed to connect to queue manager 'EMQ03DVL' with connection mode 'Client' and host name 'emqd3.delta.com(1414)'.
Check the queue manager is started and if running in client mode, check there is a listener running. Please see the linked exception for more information.; nested exception is com.ibm.mq.MQException: JMSCMQ0001: IBM MQ call failed with compcode '2' ('MQCC_FAILED') reason '2538' ('MQRC_HOST_NOT_AVAILABLE').
	at org.springframework.beans.factory.support.ConstructorResolver.instantiateUsingFactoryMethod(ConstructorResolver.java:590) ~[spring-beans-5.0.7.RELEASE.jar:5.0.7.RELEASE]
	at org.springframework.beans.factory.support.AbstractAutowireCapableBeanFactory.instantiateUsingFactoryMethod(AbstractAutowireCapableBeanFactory.java:1256) ~[spring-beans-5.0.7.RELEASE.jar:5.0.7.RELEASE]
	at org.springframework.beans.factory.support.AbstractAutowireCapableBeanFactory.createBeanInstance(AbstractAutowireCapableBeanFactory.java:1105) ~[spring-beans-5.0.7.RELEASE.jar:5.0.7.RELEASE]
	at org.springframework.beans.factory.support.AbstractAutowireCapableBeanFactory.doCreateBean(AbstractAutowireCapableBeanFactory.java:543) ~[spring-beans-5.0.7.RELEASE.jar:5.0.7.RELEASE]
	at org.springframework.beans.factory.support.AbstractAutowireCapableBeanFactory.createBean(AbstractAutowireCapableBeanFactory.java:503) ~[spring-beans-5.0.7.RELEASE.jar:5.0.7.RELEASE]
	at org.springframework.beans.factory.support.AbstractBeanFactory.lambda$doGetBean$0(AbstractBeanFactory.java:317) ~[spring-beans-5.0.7.RELEASE.jar:5.0.7.RELEASE]
	at org.springframework.beans.factory.support.DefaultSingletonBeanRegistry.getSingleton(DefaultSingletonBeanRegistry.java:222) ~[spring-beans-5.0.7.RELEASE.jar:5.0.7.RELEASE]
	at org.springframework.beans.factory.support.AbstractBeanFactory.doGetBean(AbstractBeanFactory.java:315) ~[spring-beans-5.0.7.RELEASE.jar:5.0.7.RELEASE]
	at org.springframework.beans.factory.support.AbstractBeanFactory.getBean(AbstractBeanFactory.java:199) ~[spring-beans-5.0.7.RELEASE.jar:5.0.7.RELEASE]
	at org.springframework.beans.factory.config.DependencyDescriptor.resolveCandidate(DependencyDescriptor.java:251) ~[spring-beans-5.0.7.RELEASE.jar:5.0.7.RELEASE]
	at org.springframework.beans.factory.support.DefaultListableBeanFactory.doResolveDependency(DefaultListableBeanFactory.java:1138) ~[spring-beans-5.0.7.RELEASE.jar:5.0.7.RELEASE]
	at org.springframework.beans.factory.support.DefaultListableBeanFactory.resolveDependency(DefaultListableBeanFactory.java:1065) ~[spring-beans-5.0.7.RELEASE.jar:5.0.7.RELEASE]
	at org.springframework.beans.factory.annotation.AutowiredAnnotationBeanPostProcessor$AutowiredFieldElement.inject(AutowiredAnnotationBeanPostProcessor.java:584) ~[spring-beans-5.0.7.RELEASE.jar:5.0.7.RELEASE]
	... 18 common frames omitted
Caused by: org.springframework.beans.BeanInstantiationException: Failed to instantiate [org.springframework.jms.listener.SimpleMessageListenerContainer]: Factory method 'queueContainer' threw exception; nested exception is org.springframework.jms.IllegalStateException: JMSWMQ0018: Failed to connect to queue manager 'EMQ03DVL' with connection mode 'Client' and host name 'emqd3.delta.com(1414)'.; nested exception is com.ibm.msg.client.jms.DetailedIllegalStateException: JMSWMQ0018: Failed to connect to queue manager 'EMQ03DVL' with connection mode 'Client' and host name 'emqd3.delta.com(1414)'.
Check the queue manager is started and if running in client mode, check there is a listener running. Please see the linked exception for more information.; nested exception is com.ibm.mq.MQException: JMSCMQ0001: IBM MQ call failed with compcode '2' ('MQCC_FAILED') reason '2538' ('MQRC_HOST_NOT_AVAILABLE').
	at org.springframework.beans.factory.support.SimpleInstantiationStrategy.instantiate(SimpleInstantiationStrategy.java:185) ~[spring-beans-5.0.7.RELEASE.jar:5.0.7.RELEASE]
	at org.springframework.beans.factory.support.ConstructorResolver.instantiateUsingFactoryMethod(ConstructorResolver.java:582) ~[spring-beans-5.0.7.RELEASE.jar:5.0.7.RELEASE]
	... 30 common frames omitted
Caused by: org.springframework.jms.IllegalStateException: JMSWMQ0018: Failed to connect to queue manager 'EMQ03DVL' with connection mode 'Client' and host name 'emqd3.delta.com(1414)'.; nested exception is com.ibm.msg.client.jms.DetailedIllegalStateException: JMSWMQ0018: Failed to connect to queue manager 'EMQ03DVL' with connection mode 'Client' and host name 'emqd3.delta.com(1414)'.
Check the queue manager is started and if running in client mode, check there is a listener running. Please see the linked exception for more information.; nested exception is com.ibm.mq.MQException: JMSCMQ0001: IBM MQ call failed with compcode '2' ('MQCC_FAILED') reason '2538' ('MQRC_HOST_NOT_AVAILABLE').
	at org.springframework.jms.support.JmsUtils.convertJmsAccessException(JmsUtils.java:274) ~[spring-jms-5.0.7.RELEASE.jar:5.0.7.RELEASE]
	at org.springframework.jms.support.JmsAccessor.convertJmsAccessException(JmsAccessor.java:185) ~[spring-jms-5.0.7.RELEASE.jar:5.0.7.RELEASE]
	at org.springframework.jms.listener.AbstractJmsListeningContainer.start(AbstractJmsListeningContainer.java:279) ~[spring-jms-5.0.7.RELEASE.jar:5.0.7.RELEASE]
	at com.delta.mq.config.Config.queueContainer(Config.java:78) ~[classes/:na]
	at com.delta.mq.config.Config$$EnhancerBySpringCGLIB$$c4fa9ac4.CGLIB$queueContainer$2(<generated>) ~[classes/:na]
	at com.delta.mq.config.Config$$EnhancerBySpringCGLIB$$c4fa9ac4$$FastClassBySpringCGLIB$$27a0fdf7.invoke(<generated>) ~[classes/:na]
	at org.springframework.cglib.proxy.MethodProxy.invokeSuper(MethodProxy.java:228) ~[spring-core-5.0.7.RELEASE.jar:5.0.7.RELEASE]
	at org.springframework.context.annotation.ConfigurationClassEnhancer$BeanMethodInterceptor.intercept(ConfigurationClassEnhancer.java:361) ~[spring-context-5.0.7.RELEASE.jar:5.0.7.RELEASE]
	at com.delta.mq.config.Config$$EnhancerBySpringCGLIB$$c4fa9ac4.queueContainer(<generated>) ~[classes/:na]
	at sun.reflect.NativeMethodAccessorImpl.invoke0(Native Method) ~[na:1.8.0_172]
	at sun.reflect.NativeMethodAccessorImpl.invoke(NativeMethodAccessorImpl.java:62) ~[na:1.8.0_172]
	at sun.reflect.DelegatingMethodAccessorImpl.invoke(DelegatingMethodAccessorImpl.java:43) ~[na:1.8.0_172]
	at java.lang.reflect.Method.invoke(Method.java:498) ~[na:1.8.0_172]
	at org.springframework.beans.factory.support.SimpleInstantiationStrategy.instantiate(SimpleInstantiationStrategy.java:154) ~[spring-beans-5.0.7.RELEASE.jar:5.0.7.RELEASE]
	... 31 common frames omitted
Caused by: com.ibm.msg.client.jms.DetailedIllegalStateException: JMSWMQ0018: Failed to connect to queue manager 'EMQ03DVL' with connection mode 'Client' and host name 'emqd3.delta.com(1414)'.
	at com.ibm.msg.client.wmq.common.internal.Reason.reasonToException(Reason.java:489) ~[com.ibm.mq.allclient-9.0.4.0.jar:9.0.4.0 - p904-L171030.1]
	at com.ibm.msg.client.wmq.common.internal.Reason.createException(Reason.java:215) ~[com.ibm.mq.allclient-9.0.4.0.jar:9.0.4.0 - p904-L171030.1]
	at com.ibm.msg.client.wmq.internal.WMQConnection.<init>(WMQConnection.java:424) ~[com.ibm.mq.allclient-9.0.4.0.jar:9.0.4.0 - p904-L171030.1]
	at com.ibm.msg.client.wmq.factories.WMQConnectionFactory.createV7ProviderConnection(WMQConnectionFactory.java:8475) ~[com.ibm.mq.allclient-9.0.4.0.jar:9.0.4.0 - p904-L171030.1]
	at com.ibm.msg.client.wmq.factories.WMQConnectionFactory.createProviderConnection(WMQConnectionFactory.java:7815) ~[com.ibm.mq.allclient-9.0.4.0.jar:9.0.4.0 - p904-L171030.1]
	at com.ibm.msg.client.jms.admin.JmsConnectionFactoryImpl._createConnection(JmsConnectionFactoryImpl.java:303) ~[com.ibm.mq.allclient-9.0.4.0.jar:9.0.4.0 - p904-L171030.1]
	at com.ibm.msg.client.jms.admin.JmsConnectionFactoryImpl.createConnection(JmsConnectionFactoryImpl.java:236) ~[com.ibm.mq.allclient-9.0.4.0.jar:9.0.4.0 - p904-L171030.1]
	at com.ibm.mq.jms.MQConnectionFactory.createCommonConnection(MQConnectionFactory.java:6016) ~[com.ibm.mq.allclient-9.0.4.0.jar:9.0.4.0 - p904-L171030.1]
	at com.ibm.mq.jms.MQQueueConnectionFactory.createQueueConnection(MQQueueConnectionFactory.java:111) ~[com.ibm.mq.allclient-9.0.4.0.jar:9.0.4.0 - p904-L171030.1]
	at com.ibm.mq.jms.MQQueueConnectionFactory.createConnection(MQQueueConnectionFactory.java:187) ~[com.ibm.mq.allclient-9.0.4.0.jar:9.0.4.0 - p904-L171030.1]
	at org.springframework.jms.support.JmsAccessor.createConnection(JmsAccessor.java:196) ~[spring-jms-5.0.7.RELEASE.jar:5.0.7.RELEASE]
	at org.springframework.jms.listener.AbstractJmsListeningContainer.createSharedConnection(AbstractJmsListeningContainer.java:417) ~[spring-jms-5.0.7.RELEASE.jar:5.0.7.RELEASE]
	at org.springframework.jms.listener.AbstractJmsListeningContainer.establishSharedConnection(AbstractJmsListeningContainer.java:385) ~[spring-jms-5.0.7.RELEASE.jar:5.0.7.RELEASE]
	at org.springframework.jms.listener.AbstractJmsListeningContainer.doStart(AbstractJmsListeningContainer.java:291) ~[spring-jms-5.0.7.RELEASE.jar:5.0.7.RELEASE]
	at org.springframework.jms.listener.SimpleMessageListenerContainer.doStart(SimpleMessageListenerContainer.java:214) ~[spring-jms-5.0.7.RELEASE.jar:5.0.7.RELEASE]
	at org.springframework.jms.listener.AbstractJmsListeningContainer.start(AbstractJmsListeningContainer.java:276) ~[spring-jms-5.0.7.RELEASE.jar:5.0.7.RELEASE]
	... 42 common frames omitted
Caused by: com.ibm.mq.MQException: JMSCMQ0001: IBM MQ call failed with compcode '2' ('MQCC_FAILED') reason '2538' ('MQRC_HOST_NOT_AVAILABLE').
	at com.ibm.msg.client.wmq.common.internal.Reason.createException(Reason.java:203) ~[com.ibm.mq.allclient-9.0.4.0.jar:9.0.4.0 - p904-L171030.1]
	... 56 common frames omitted
Caused by: com.ibm.mq.jmqi.JmqiException: CC=2;RC=2538;AMQ9204: Connection to host 'emqd3.delta.com(1414)' rejected. [1=com.ibm.mq.jmqi.JmqiException[CC=2;RC=2538;AMQ9205: The host name supplied is not valid. [3=emqd3.delta.com,4=TCP]],3=emqd3.delta.com(1414),5=RemoteTCPConnection.resolveHostname]
	at com.ibm.mq.jmqi.remote.api.RemoteFAP.jmqiConnect(RemoteFAP.java:2314) ~[com.ibm.mq.allclient-9.0.4.0.jar:9.0.4.0 - p904-L171030.1]
	at com.ibm.mq.jmqi.remote.api.RemoteFAP.jmqiConnect(RemoteFAP.java:1285) ~[com.ibm.mq.allclient-9.0.4.0.jar:9.0.4.0 - p904-L171030.1]
	at com.ibm.mq.ese.jmqi.InterceptedJmqiImpl.jmqiConnect(InterceptedJmqiImpl.java:377) ~[com.ibm.mq.allclient-9.0.4.0.jar:9.0.4.0 - p904-L171030.1]
	at com.ibm.mq.ese.jmqi.ESEJMQI.jmqiConnect(ESEJMQI.java:562) ~[com.ibm.mq.allclient-9.0.4.0.jar:9.0.4.0 - p904-L171030.1]
	at com.ibm.msg.client.wmq.internal.WMQConnection.<init>(WMQConnection.java:357) ~[com.ibm.mq.allclient-9.0.4.0.jar:9.0.4.0 - p904-L171030.1]
	... 55 common frames omitted
Caused by: com.ibm.mq.jmqi.JmqiException: CC=2;RC=2538;AMQ9205: The host name supplied is not valid. [3=emqd3.delta.com,4=TCP]
	at com.ibm.mq.jmqi.remote.impl.RemoteTCPConnection.resolveHostname(RemoteTCPConnection.java:534) ~[com.ibm.mq.allclient-9.0.4.0.jar:9.0.4.0 - p904-L171030.1]
	at com.ibm.mq.jmqi.remote.impl.RemoteTCPConnection.parseConnectionName(RemoteTCPConnection.java:364) ~[com.ibm.mq.allclient-9.0.4.0.jar:9.0.4.0 - p904-L171030.1]
	at com.ibm.mq.jmqi.remote.impl.RemoteTCPConnection.protocolConnect(RemoteTCPConnection.java:1223) ~[com.ibm.mq.allclient-9.0.4.0.jar:9.0.4.0 - p904-L171030.1]
	at com.ibm.mq.jmqi.remote.impl.RemoteConnection.connect(RemoteConnection.java:892) ~[com.ibm.mq.allclient-9.0.4.0.jar:9.0.4.0 - p904-L171030.1]
	at com.ibm.mq.jmqi.remote.impl.RemoteConnectionSpecification.getSessionFromNewConnection(RemoteConnectionSpecification.java:416) ~[com.ibm.mq.allclient-9.0.4.0.jar:9.0.4.0 - p904-L171030.1]
	at com.ibm.mq.jmqi.remote.impl.RemoteConnectionSpecification.getSession(RemoteConnectionSpecification.java:312) ~[com.ibm.mq.allclient-9.0.4.0.jar:9.0.4.0 - p904-L171030.1]
	at com.ibm.mq.jmqi.remote.impl.RemoteConnectionPool.getSession(RemoteConnectionPool.java:146) ~[com.ibm.mq.allclient-9.0.4.0.jar:9.0.4.0 - p904-L171030.1]
	at com.ibm.mq.jmqi.remote.api.RemoteFAP.jmqiConnect(RemoteFAP.java:1761) ~[com.ibm.mq.allclient-9.0.4.0.jar:9.0.4.0 - p904-L171030.1]
	... 59 common frames omitted

